<?xml version="1.0" encoding="UTF-8"?>
<testsuite name="com.utn.ParcialHernandez.ParcialHernandezApplicationTests" tests="1" skipped="0" failures="0" errors="0" timestamp="2023-10-05T22:00:59" hostname="DESKTOP-NCND1RI" time="1.388">
  <properties/>
  <testcase name="contextLoads()" classname="com.utn.ParcialHernandez.ParcialHernandezApplicationTests" time="1.388"/>
  <system-out><![CDATA[19:00:49.434 [Test worker] INFO org.springframework.test.context.support.AnnotationConfigContextLoaderUtils -- Could not detect default configuration classes for test class [com.utn.ParcialHernandez.ParcialHernandezApplicationTests]: ParcialHernandezApplicationTests does not declare any static, non-private, non-final, nested classes annotated with @Configuration.
19:00:49.574 [Test worker] INFO org.springframework.boot.test.context.SpringBootTestContextBootstrapper -- Found @SpringBootConfiguration com.utn.ParcialHernandez.ParcialHernandezApplication for test class com.utn.ParcialHernandez.ParcialHernandezApplicationTests

  .   ____          _            __ _ _
 /\\ / ___'_ __ _ _(_)_ __  __ _ \ \ \ \
( ( )\___ | '_ | '_| | '_ \/ _` | \ \ \ \
 \\/  ___)| |_)| | | | | || (_| |  ) ) ) )
  '  |____| .__|_| |_|_| |_\__, | / / / /
 =========|_|==============|___/=/_/_/_/
 :: Spring Boot ::                (v3.1.4)

2023-10-05T19:00:51.094-03:00  INFO 14096 --- [    Test worker] c.u.P.ParcialHernandezApplicationTests   : Starting ParcialHernandezApplicationTests using Java 19.0.2 with PID 14096 (started by gabit in C:\Users\gabit\OneDrive\Desktop\Prog 3\Intellij projects\ParcialHernandez)
2023-10-05T19:00:51.099-03:00  INFO 14096 --- [    Test worker] c.u.P.ParcialHernandezApplicationTests   : No active profile set, falling back to 1 default profile: "default"
2023-10-05T19:00:52.227-03:00  INFO 14096 --- [    Test worker] .s.d.r.c.RepositoryConfigurationDelegate : Bootstrapping Spring Data JPA repositories in DEFAULT mode.
2023-10-05T19:00:52.402-03:00  INFO 14096 --- [    Test worker] .s.d.r.c.RepositoryConfigurationDelegate : Finished Spring Data repository scanning in 159 ms. Found 5 JPA repository interfaces.
2023-10-05T19:00:53.251-03:00  INFO 14096 --- [    Test worker] o.hibernate.jpa.internal.util.LogHelper  : HHH000204: Processing PersistenceUnitInfo [name: default]
2023-10-05T19:00:53.387-03:00  INFO 14096 --- [    Test worker] org.hibernate.Version                    : HHH000412: Hibernate ORM core version 6.2.9.Final
2023-10-05T19:00:53.392-03:00  INFO 14096 --- [    Test worker] org.hibernate.cfg.Environment            : HHH000406: Using bytecode reflection optimizer
2023-10-05T19:00:53.634-03:00  INFO 14096 --- [    Test worker] o.h.e.boot.internal.EnversServiceImpl    : Envers integration enabled? : true
2023-10-05T19:00:53.674-03:00  INFO 14096 --- [    Test worker] o.h.b.i.BytecodeProviderInitiator        : HHH000021: Bytecode provider name : bytebuddy
2023-10-05T19:00:53.902-03:00  INFO 14096 --- [    Test worker] o.s.o.j.p.SpringPersistenceUnitInfo      : No LoadTimeWeaver setup: ignoring JPA class transformer
2023-10-05T19:00:53.941-03:00  INFO 14096 --- [    Test worker] com.zaxxer.hikari.HikariDataSource       : HikariPool-1 - Starting...
2023-10-05T19:00:54.326-03:00  INFO 14096 --- [    Test worker] com.zaxxer.hikari.pool.HikariPool        : HikariPool-1 - Added connection conn0: url=jdbc:h2:mem:./betodb user=SA
2023-10-05T19:00:54.328-03:00  INFO 14096 --- [    Test worker] com.zaxxer.hikari.HikariDataSource       : HikariPool-1 - Start completed.
2023-10-05T19:00:54.891-03:00  INFO 14096 --- [    Test worker] o.h.e.c.i.m.AuditMetadataGenerator       : Adding properties for entity: com.utn.ParcialHernandez.entities.Libro
2023-10-05T19:00:54.897-03:00  INFO 14096 --- [    Test worker] o.h.e.c.i.m.AuditMetadataGenerator       : Adding properties for entity: com.utn.ParcialHernandez.entities.Localidad
2023-10-05T19:00:54.897-03:00  INFO 14096 --- [    Test worker] o.h.e.c.i.m.AuditMetadataGenerator       : Adding properties for entity: com.utn.ParcialHernandez.entities.Domicilio
2023-10-05T19:00:54.898-03:00  INFO 14096 --- [    Test worker] o.h.e.c.i.m.AuditMetadataGenerator       : Adding properties for entity: com.utn.ParcialHernandez.entities.Autor
2023-10-05T19:00:54.898-03:00  INFO 14096 --- [    Test worker] o.h.e.c.i.m.AuditMetadataGenerator       : Adding properties for entity: com.utn.ParcialHernandez.entities.Persona
2023-10-05T19:00:55.010-03:00  INFO 14096 --- [    Test worker] o.h.b.i.BytecodeProviderInitiator        : HHH000021: Bytecode provider name : bytebuddy
2023-10-05T19:00:56.208-03:00  INFO 14096 --- [    Test worker] o.h.e.t.j.p.i.JtaPlatformInitiator       : HHH000490: Using JtaPlatform implementation: [org.hibernate.engine.transaction.jta.platform.internal.NoJtaPlatform]
Hibernate: create sequence rbac.seq_revision_id start with 1 increment by 50
Hibernate: create table autor (id bigint generated by default as identity, apellido varchar(255), biografia varchar(1500), nombre varchar(255), primary key (id))
Hibernate: create table autor_aud (id bigint not null, rev integer not null, revtype tinyint, apellido varchar(255), biografia varchar(1500), nombre varchar(255), primary key (rev, id))
Hibernate: create table domicilio (id bigint generated by default as identity, calle varchar(255), numero integer, fk_localidad bigint not null, primary key (id))
Hibernate: create table domicilio_aud (id bigint not null, rev integer not null, revtype tinyint, calle varchar(255), numero integer, fk_localidad bigint, primary key (rev, id))
Hibernate: create table libro (id bigint generated by default as identity, fecha integer, genero varchar(255), paginas integer, titulo varchar(255), primary key (id))
Hibernate: create table libro_aud (id bigint not null, rev integer not null, revtype tinyint, fecha integer, genero varchar(255), paginas integer, titulo varchar(255), primary key (rev, id))
Hibernate: create table libro_autores (libro_id bigint not null, autores_id bigint not null)
Hibernate: create table libro_autores_aud (rev integer not null, libro_id bigint not null, autores_id bigint not null, revtype tinyint, primary key (libro_id, rev, autores_id))
Hibernate: create table localidad (id bigint generated by default as identity, denominacion varchar(255), primary key (id))
Hibernate: create table localidad_aud (id bigint not null, rev integer not null, revtype tinyint, denominacion varchar(255), primary key (rev, id))
Hibernate: create table persona (id bigint generated by default as identity, apellido varchar(255), dni integer, nombre varchar(255), fk_domicilio bigint, primary key (id))
Hibernate: create table persona_aud (id bigint not null, rev integer not null, revtype tinyint, apellido varchar(255), dni integer, nombre varchar(255), fk_domicilio bigint, primary key (rev, id))
Hibernate: create table persona_libro (persona_id bigint not null, libro_id bigint not null)
Hibernate: create table persona_libro_aud (rev integer not null, persona_id bigint not null, libro_id bigint not null, revtype tinyint, primary key (persona_id, rev, libro_id))
Hibernate: create table revision_info (id integer not null, revision_date timestamp(6), primary key (id))
Hibernate: alter table if exists persona drop constraint if exists UK_tf82o8p6mim2vdcl7kh56jltw
Hibernate: alter table if exists persona add constraint UK_tf82o8p6mim2vdcl7kh56jltw unique (fk_domicilio)
Hibernate: alter table if exists persona_libro drop constraint if exists UK_klwo566p2xgu8txcyls6vx0ai
Hibernate: alter table if exists persona_libro add constraint UK_klwo566p2xgu8txcyls6vx0ai unique (libro_id)
Hibernate: alter table if exists autor_aud add constraint FKr81sephxfyvqkjffreeeunf0s foreign key (rev) references revision_info
Hibernate: alter table if exists domicilio add constraint FKsq48s35e5o185ajo3mloiqxjk foreign key (fk_localidad) references localidad
Hibernate: alter table if exists domicilio_aud add constraint FKr2va00h51h6v43r7txxpov81 foreign key (rev) references revision_info
Hibernate: alter table if exists libro_aud add constraint FK4w9s9iy7nnmjlyvmdh4f2dw7c foreign key (rev) references revision_info
Hibernate: alter table if exists libro_autores add constraint FK4n6u17jdtrjai8yitxsmm7tly foreign key (autores_id) references autor
Hibernate: alter table if exists libro_autores add constraint FKsoheqe18ertlksjno9y33x0am foreign key (libro_id) references libro
Hibernate: alter table if exists libro_autores_aud add constraint FK3ob89ixgsd42wwpgwmfp31v18 foreign key (rev) references revision_info
Hibernate: alter table if exists localidad_aud add constraint FK7ifunt3yuv3bghhcv86k1s75y foreign key (rev) references revision_info
Hibernate: alter table if exists persona add constraint FKdvcd83wmvj0mwmbu3kyoisobn foreign key (fk_domicilio) references domicilio
Hibernate: alter table if exists persona_aud add constraint FK3nishbkv6n49yoqu3eugomin foreign key (rev) references revision_info
Hibernate: alter table if exists persona_libro add constraint FK6oar3k71e0huyyjlxd0a8qnct foreign key (libro_id) references libro
Hibernate: alter table if exists persona_libro add constraint FKd8c57cn01g1qhcax4yanhi2o4 foreign key (persona_id) references persona
Hibernate: alter table if exists persona_libro_aud add constraint FKjbftjxxjxf1q7woqa3gxgvmr foreign key (rev) references revision_info
2023-10-05T19:00:56.332-03:00  INFO 14096 --- [    Test worker] j.LocalContainerEntityManagerFactoryBean : Initialized JPA EntityManagerFactory for persistence unit 'default'
2023-10-05T19:00:57.630-03:00  WARN 14096 --- [    Test worker] JpaBaseConfiguration$JpaWebConfiguration : spring.jpa.open-in-view is enabled by default. Therefore, database queries may be performed during view rendering. Explicitly configure spring.jpa.open-in-view to disable this warning
2023-10-05T19:00:58.952-03:00  INFO 14096 --- [    Test worker] o.s.b.a.h2.H2ConsoleAutoConfiguration    : H2 console available at '/h2-console'. Database available at 'jdbc:h2:mem:./betodb'
2023-10-05T19:00:59.061-03:00  INFO 14096 --- [    Test worker] c.u.P.ParcialHernandezApplicationTests   : Started ParcialHernandezApplicationTests in 9.195 seconds (process running for 11.232)
]]></system-out>
  <system-err><![CDATA[]]></system-err>
</testsuite>
